#
# A fatal error has been detected by the Java Runtime Environment:
#
#  EXCEPTION_ACCESS_VIOLATION (0xc0000005) at pc=0x0000000003aac347, pid=9012, tid=10580
#
# JRE version: Java(TM) SE Runtime Environment (8.0_91-b15) (build 1.8.0_91-b15)
# Java VM: Java HotSpot(TM) 64-Bit Server VM (25.91-b15 mixed mode windows-amd64 compressed oops)
# Problematic frame:
# J 3494 C2 ImageUtils$.matToString(Lorg/bytedeco/javacpp/opencv_core$Mat;)Lscala/collection/immutable/List; (217 bytes) @ 0x0000000003aac347 [0x0000000003aaaf60+0x13e7]
#
# Failed to write core dump. Minidumps are not enabled by default on client versions of Windows
#
# If you would like to submit a bug report, please visit:
#   http://bugreport.java.com/bugreport/crash.jsp
#

---------------  T H R E A D  ---------------

Current thread (0x000000001ca8c000):  JavaThread "Executor task launch worker-0" daemon [_thread_in_Java, id=10580, stack(0x0000000024590000,0x0000000024690000)]

siginfo: ExceptionCode=0xc0000005, reading address 0x000000002594da64

Registers:
RAX=0x0000000000000005, RBX=0x0000000000000004, RCX=0x00000000202dc9b0, RDX=0x000000002468e9d0
RSP=0x000000002468e9f0, RBP=0x00000000ffffffff, RSI=0x0000000000000005, RDI=0x0000000085902ec8
R8 =0x00000000fb2cc860, R9 =0x0000000000051200, R10=0x000000002594da64, R11=0x000000002594da64
R12=0x0000000000000000, R13=0x000000000000001a, R14=0x000000002468e9d0, R15=0x000000001ca8c000
RIP=0x0000000003aac347, EFLAGS=0x0000000000010202

Top of Stack: (sp=0x000000002468e9f0)
0x000000002468e9f0:   000000002468ed50 0000000003e1fde4
0x000000002468ea00:   00000000efa143d8 0000000085902f20
0x000000002468ea10:   00000000d6e744f8 000000010000da48
0x000000002468ea20:   000009d500000005 00000000fb2cbe98
0x000000002468ea30:   0000000084dd1b98 0000000100085268
0x000000002468ea40:   0000007f00000080 0004ea8500000080
0x000000002468ea50:   00000a2300000a24 0000001600000a24
0x000000002468ea60:   0000000000000005 00000000fb2cbeb0
0x000000002468ea70:   d6e74568d6e744f8 7ff8000000000000
0x000000002468ea80:   0000000084dbe638 0000000000000005
0x000000002468ea90:   0000000000000021 0013aa0000000020
0x000000002468eaa0:   00000000d6e74598 00000000efb9f968
0x000000002468eab0:   00000022efb9f9c8 00000000efb9fa28
0x000000002468eac0:   00000000d6e74598 0000000000000010
0x000000002468ead0:   00000000efb9fb80 0000000000000010
0x000000002468eae0:   00000000efb9fbc8 000000001208b000 

Instructions: (pc=0x0000000003aac347)
0x0000000003aac327:   ba 21 00 00 45 3b d1 0f 8d 45 22 00 00 4d 8b 50
0x0000000003aac337:   10 4c 63 5c 24 5c 49 c1 e3 02 4d 03 da 4d 8b d3
0x0000000003aac347:   c4 c1 7a 5a 02 e9 e9 f1 ff ff 48 8b 54 24 78 48
0x0000000003aac357:   bd 28 e6 db 84 00 00 00 00 66 66 90 e8 38 9e 68 


Register to memory mapping:

RAX=0x0000000000000005 is an unknown value
RBX=0x0000000000000004 is an unknown value
RCX=0x00000000202dc9b0 is an unknown value
RDX=0x000000002468e9d0 is pointing into the stack for thread: 0x000000001ca8c000
RSP=0x000000002468e9f0 is pointing into the stack for thread: 0x000000001ca8c000
RBP=0x00000000ffffffff is an unknown value
RSI=0x0000000000000005 is an unknown value
RDI=0x0000000085902ec8 is pointing into object: 0x0000000085902eb8
[C 
 - klass: {type array char}
 - length: 26
R8 =0x00000000fb2cc860 is an oop
java.nio.DirectFloatBufferU 
 - klass: 'java/nio/DirectFloatBufferU'
R9 =0x0000000000051200 is an unknown value
R10=0x000000002594da64 is an unknown value
R11=0x000000002594da64 is an unknown value
R12=0x0000000000000000 is an unknown value
R13=0x000000000000001a is an unknown value
R14=0x000000002468e9d0 is pointing into the stack for thread: 0x000000001ca8c000
R15=0x000000001ca8c000 is a thread


Stack: [0x0000000024590000,0x0000000024690000],  sp=0x000000002468e9f0,  free space=1018k
Native frames: (J=compiled Java code, j=interpreted, Vv=VM code, C=native code)
C  0x0000000003aac347


---------------  P R O C E S S  ---------------

Java Threads: ( => current thread )
  0x000000001ca8a000 JavaThread "Executor task launch worker-1" daemon [_thread_in_native, id=8204, stack(0x0000000024690000,0x0000000024790000)]
=>0x000000001ca8c000 JavaThread "Executor task launch worker-0" daemon [_thread_in_Java, id=10580, stack(0x0000000024590000,0x0000000024690000)]
  0x000000001c3e2000 JavaThread "SparkListenerBus" daemon [_thread_blocked, id=756, stack(0x0000000024090000,0x0000000024190000)]
  0x000000001c3e0800 JavaThread "context-cleaner-periodic-gc" daemon [_thread_blocked, id=10592, stack(0x0000000023f90000,0x0000000024090000)]
  0x000000001c3e0000 JavaThread "Spark Context Cleaner" daemon [_thread_blocked, id=10096, stack(0x0000000023e90000,0x0000000023f90000)]
  0x000000001c3df000 JavaThread "shuffle-server-0" daemon [_thread_in_native, id=5720, stack(0x0000000022980000,0x0000000022a80000)]
  0x000000001c3de800 JavaThread "driver-heartbeater" daemon [_thread_blocked, id=10508, stack(0x0000000021430000,0x0000000021530000)]
  0x000000001c3e5000 JavaThread "dag-scheduler-event-loop" daemon [_thread_blocked, id=3652, stack(0x00000000211f0000,0x00000000212f0000)]
  0x000000001c3dd800 JavaThread "netty-rpc-env-timeout" daemon [_thread_blocked, id=5460, stack(0x00000000210f0000,0x00000000211f0000)]
  0x000000001c3e1800 JavaThread "Timer-0" daemon [_thread_blocked, id=8916, stack(0x0000000020ff0000,0x00000000210f0000)]
  0x000000001c3e3800 JavaThread "heartbeat-receiver-event-loop-thread" daemon [_thread_blocked, id=6212, stack(0x0000000020ef0000,0x0000000020ff0000)]
  0x000000001c3e4800 JavaThread "qtp913746983-54" daemon [_thread_blocked, id=5892, stack(0x0000000020cf0000,0x0000000020df0000)]
  0x000000001c3e3000 JavaThread "qtp913746983-53" daemon [_thread_blocked, id=592, stack(0x0000000020bf0000,0x0000000020cf0000)]
  0x000000001c3d9000 JavaThread "qtp913746983-52" daemon [_thread_blocked, id=9068, stack(0x0000000020af0000,0x0000000020bf0000)]
  0x000000001c3d6000 JavaThread "qtp913746983-51" daemon [_thread_blocked, id=7492, stack(0x00000000209f0000,0x0000000020af0000)]
  0x000000001c3da000 JavaThread "qtp913746983-50" daemon [_thread_blocked, id=11164, stack(0x00000000208f0000,0x00000000209f0000)]
  0x000000001c3dc000 JavaThread "qtp913746983-49" daemon [_thread_blocked, id=9840, stack(0x00000000207f0000,0x00000000208f0000)]
  0x000000001c3da800 JavaThread "qtp913746983-48 Acceptor0 SelectChannelConnector@0.0.0.0:4040" daemon [_thread_in_native, id=10288, stack(0x00000000206f0000,0x00000000207f0000)]
  0x000000001c3db800 JavaThread "qtp913746983-47 Selector0" daemon [_thread_in_native, id=5112, stack(0x00000000205f0000,0x00000000206f0000)]
  0x000000001c3d7000 JavaThread "refresh progress" daemon [_thread_blocked, id=10388, stack(0x000000001f210000,0x000000001f310000)]
  0x000000001c3dd000 JavaThread "SPARK_CONTEXT cleanup timer" daemon [_thread_blocked, id=684, stack(0x000000001f110000,0x000000001f210000)]
  0x000000001c3d8800 JavaThread "BROADCAST_VARS cleanup timer" daemon [_thread_blocked, id=8344, stack(0x000000001f010000,0x000000001f110000)]
  0x000000001c3d7800 JavaThread "BLOCK_MANAGER cleanup timer" daemon [_thread_blocked, id=10988, stack(0x000000001ef10000,0x000000001f010000)]
  0x000000001c19e000 JavaThread "MAP_OUTPUT_TRACKER cleanup timer" daemon [_thread_blocked, id=8304, stack(0x000000001ec10000,0x000000001ed10000)]
  0x000000001c19d800 JavaThread "sparkDriverActorSystem-akka.remote.default-remote-dispatcher-14" daemon [_thread_blocked, id=10812, stack(0x000000001eb10000,0x000000001ec10000)]
  0x000000001c19b000 JavaThread "New I/O server boss #6" daemon [_thread_in_native, id=8300, stack(0x000000001ea10000,0x000000001eb10000)]
  0x000000001c19c000 JavaThread "New I/O worker #5" daemon [_thread_in_native, id=9368, stack(0x000000001e910000,0x000000001ea10000)]
  0x000000001c19c800 JavaThread "New I/O worker #4" daemon [_thread_in_native, id=10780, stack(0x000000001e810000,0x000000001e910000)]
  0x000000001c198000 JavaThread "New I/O boss #3" daemon [_thread_in_native, id=10460, stack(0x000000001e710000,0x000000001e810000)]
  0x000000001c19a800 JavaThread "New I/O worker #2" daemon [_thread_in_native, id=9456, stack(0x000000001e610000,0x000000001e710000)]
  0x000000001c199000 JavaThread "New I/O worker #1" daemon [_thread_in_native, id=6976, stack(0x000000001e510000,0x000000001e610000)]
  0x000000001c19f000 JavaThread "sparkDriverActorSystem-akka.remote.default-remote-dispatcher-6" daemon [_thread_blocked, id=6148, stack(0x000000001e210000,0x000000001e310000)]
  0x000000001c199800 JavaThread "sparkDriverActorSystem-akka.actor.default-dispatcher-5" daemon [_thread_blocked, id=8544, stack(0x000000001e110000,0x000000001e210000)]
  0x000000001b15a000 JavaThread "sparkDriverActorSystem-akka.actor.default-dispatcher-4" daemon [_thread_blocked, id=6100, stack(0x000000001e010000,0x000000001e110000)]
  0x000000001c0cb000 JavaThread "sparkDriverActorSystem-scheduler-1" daemon [_thread_blocked, id=9668, stack(0x000000001dd10000,0x000000001de10000)]
  0x000000001a32a800 JavaThread "shuffle-server-0" daemon [_thread_in_native, id=8520, stack(0x000000001da10000,0x000000001db10000)]
  0x000000001ae6b000 JavaThread "dispatcher-event-loop-3" daemon [_thread_blocked, id=8732, stack(0x000000001d610000,0x000000001d710000)]
  0x000000001ae6a000 JavaThread "dispatcher-event-loop-2" daemon [_thread_blocked, id=10628, stack(0x000000001d510000,0x000000001d610000)]
  0x000000001a32f800 JavaThread "dispatcher-event-loop-1" daemon [_thread_blocked, id=9908, stack(0x000000001d410000,0x000000001d510000)]
  0x000000001a32e800 JavaThread "dispatcher-event-loop-0" daemon [_thread_blocked, id=7072, stack(0x000000001d0f0000,0x000000001d1f0000)]
  0x000000001af96800 JavaThread "Monitor Ctrl-Break" daemon [_thread_in_native, id=10836, stack(0x000000001b1a0000,0x000000001b2a0000)]
  0x00000000191e8000 JavaThread "Service Thread" daemon [_thread_blocked, id=10472, stack(0x00000000197b0000,0x00000000198b0000)]
  0x00000000191ba800 JavaThread "C1 CompilerThread2" daemon [_thread_blocked, id=11024, stack(0x00000000196b0000,0x00000000197b0000)]
  0x0000000017abe000 JavaThread "C2 CompilerThread1" daemon [_thread_blocked, id=7308, stack(0x00000000195b0000,0x00000000196b0000)]
  0x0000000017a6a800 JavaThread "C2 CompilerThread0" daemon [_thread_blocked, id=10060, stack(0x00000000190b0000,0x00000000191b0000)]
  0x0000000017a68800 JavaThread "Attach Listener" daemon [_thread_blocked, id=7364, stack(0x0000000018fb0000,0x00000000190b0000)]
  0x0000000017a67800 JavaThread "Signal Dispatcher" daemon [_thread_blocked, id=10260, stack(0x0000000018eb0000,0x0000000018fb0000)]
  0x00000000030ee800 JavaThread "Finalizer" daemon [_thread_blocked, id=10576, stack(0x0000000018cc0000,0x0000000018dc0000)]
  0x00000000030e8800 JavaThread "Reference Handler" daemon [_thread_blocked, id=11000, stack(0x0000000018bc0000,0x0000000018cc0000)]
  0x0000000002ff9800 JavaThread "main" [_thread_blocked, id=5180, stack(0x0000000002eb0000,0x0000000002fb0000)]

Other Threads:
  0x0000000017a28800 VMThread [stack: 0x0000000018ac0000,0x0000000018bc0000] [id=3856]
  0x0000000019253800 WatcherThread [stack: 0x00000000198b0000,0x00000000199b0000] [id=8316]

VM state:not at safepoint (normal execution)

VM Mutex/Monitor currently owned by a thread: None

Heap:
 PSYoungGen      total 588288K, used 64428K [0x00000000d6e00000, 0x0000000100000000, 0x0000000100000000)
  eden space 508928K, 1% used [0x00000000d6e00000,0x00000000d77d9eb8,0x00000000f5f00000)
  from space 79360K, 68% used [0x00000000fb280000,0x00000000fe7913d8,0x0000000100000000)
  to   space 82432K, 0% used [0x00000000f5f00000,0x00000000f5f00000,0x00000000faf80000)
 ParOldGen       total 297984K, used 251000K [0x0000000084a00000, 0x0000000096d00000, 0x00000000d6e00000)
  object space 297984K, 84% used [0x0000000084a00000,0x0000000093f1e0e0,0x0000000096d00000)
 Metaspace       used 45046K, capacity 45444K, committed 45696K, reserved 1089536K
  class space    used 6298K, capacity 6413K, committed 6528K, reserved 1048576K

Card table byte_map: [0x00000000124b0000,0x0000000012890000] byte_map_base: 0x000000001208b000

Marking Bits: (ParMarkBitMap*) 0x0000000066cc2f70
 Begin Bits: [0x0000000012f30000, 0x0000000014e08000)
 End Bits:   [0x0000000014e08000, 0x0000000016ce0000)

Polling page: 0x0000000001320000

CodeCache: size=245760Kb used=13038Kb max_used=13438Kb free=232722Kb
 bounds [0x00000000030f0000, 0x0000000003e30000, 0x00000000120f0000]
 total_blobs=4792 nmethods=4069 adapters=635
 compilation: enabled

Compilation events (10 events):
Event: 50.653 Thread 0x00000000191ba800 4703       3       java.lang.System::getenv (43 bytes)
Event: 50.654 Thread 0x00000000191ba800 nmethod 4703 0x0000000003a57c50 code [0x0000000003a57ea0, 0x0000000003a58cd8]
Event: 50.675 Thread 0x00000000191ba800 4704       3       java.util.concurrent.atomic.AtomicReferenceFieldUpdater$AtomicReferenceFieldUpdaterImpl::updateCheck (54 bytes)
Event: 50.675 Thread 0x00000000191ba800 nmethod 4704 0x00000000039e57d0 code [0x00000000039e5960, 0x00000000039e5e38]
Event: 50.969 Thread 0x00000000191ba800 4705       3       scala.collection.mutable.ArrayOps$ofRef::repr (5 bytes)
Event: 50.969 Thread 0x00000000191ba800 nmethod 4705 0x00000000039c54d0 code [0x00000000039c5620, 0x00000000039c5810]
Event: 51.211 Thread 0x00000000191ba800 4706   !   3       java.io.WinNTFileSystem::resolve (362 bytes)
Event: 51.217 Thread 0x00000000191ba800 nmethod 4706 0x0000000003a45590 code [0x0000000003a45f00, 0x0000000003a4c3f8]
Event: 51.280 Thread 0x00000000191ba800 4707   !   3       scala.concurrent.forkjoin.ForkJoinTask::doExec (37 bytes)
Event: 51.280 Thread 0x00000000191ba800 nmethod 4707 0x00000000039e4f90 code [0x00000000039e5120, 0x00000000039e5668]

GC Heap History (10 events):
Event: 39.622 GC heap before
{Heap before GC invocations=24 (full 4):
 PSYoungGen      total 492544K, used 440320K [0x00000000d6e00000, 0x00000000fd280000, 0x0000000100000000)
  eden space 440320K, 100% used [0x00000000d6e00000,0x00000000f1c00000,0x00000000f1c00000)
  from space 52224K, 0% used [0x00000000f1c00000,0x00000000f1c00000,0x00000000f4f00000)
  to   space 55808K, 0% used [0x00000000f9c00000,0x00000000f9c00000,0x00000000fd280000)
 ParOldGen       total 297984K, used 166139K [0x0000000084a00000, 0x0000000096d00000, 0x00000000d6e00000)
  object space 297984K, 55% used [0x0000000084a00000,0x000000008ec3ef60,0x0000000096d00000)
 Metaspace       used 44924K, capacity 45304K, committed 45696K, reserved 1089536K
  class space    used 6297K, capacity 6411K, committed 6528K, reserved 1048576K
Event: 39.644 GC heap after
Heap after GC invocations=24 (full 4):
 PSYoungGen      total 570368K, used 29558K [0x00000000d6e00000, 0x00000000fd100000, 0x0000000100000000)
  eden space 516096K, 0% used [0x00000000d6e00000,0x00000000d6e00000,0x00000000f6600000)
  from space 54272K, 54% used [0x00000000f9c00000,0x00000000fb8dd950,0x00000000fd100000)
  to   space 54784K, 0% used [0x00000000f6600000,0x00000000f6600000,0x00000000f9b80000)
 ParOldGen       total 297984K, used 166147K [0x0000000084a00000, 0x0000000096d00000, 0x00000000d6e00000)
  object space 297984K, 55% used [0x0000000084a00000,0x000000008ec40f60,0x0000000096d00000)
 Metaspace       used 44924K, capacity 45304K, committed 45696K, reserved 1089536K
  class space    used 6297K, capacity 6411K, committed 6528K, reserved 1048576K
}
Event: 42.905 GC heap before
{Heap before GC invocations=25 (full 4):
 PSYoungGen      total 570368K, used 545654K [0x00000000d6e00000, 0x00000000fd100000, 0x0000000100000000)
  eden space 516096K, 100% used [0x00000000d6e00000,0x00000000f6600000,0x00000000f6600000)
  from space 54272K, 54% used [0x00000000f9c00000,0x00000000fb8dd950,0x00000000fd100000)
  to   space 54784K, 0% used [0x00000000f6600000,0x00000000f6600000,0x00000000f9b80000)
 ParOldGen       total 297984K, used 166147K [0x0000000084a00000, 0x0000000096d00000, 0x00000000d6e00000)
  object space 297984K, 55% used [0x0000000084a00000,0x000000008ec40f60,0x0000000096d00000)
 Metaspace       used 44941K, capacity 45304K, committed 45696K, reserved 1089536K
  class space    used 6297K, capacity 6411K, committed 6528K, reserved 1048576K
Event: 42.941 GC heap after
Heap after GC invocations=25 (full 4):
 PSYoungGen      total 570880K, used 54778K [0x00000000d6e00000, 0x0000000100000000, 0x0000000100000000)
  eden space 516096K, 0% used [0x00000000d6e00000,0x00000000d6e00000,0x00000000f6600000)
  from space 54784K, 99% used [0x00000000f6600000,0x00000000f9b7e8e8,0x00000000f9b80000)
  to   space 63488K, 0% used [0x00000000fc200000,0x00000000fc200000,0x0000000100000000)
 ParOldGen       total 297984K, used 167294K [0x0000000084a00000, 0x0000000096d00000, 0x00000000d6e00000)
  object space 297984K, 56% used [0x0000000084a00000,0x000000008ed5f8c0,0x0000000096d00000)
 Metaspace       used 44941K, capacity 45304K, committed 45696K, reserved 1089536K
  class space    used 6297K, capacity 6411K, committed 6528K, reserved 1048576K
}
Event: 45.710 GC heap before
{Heap before GC invocations=26 (full 4):
 PSYoungGen      total 570880K, used 570874K [0x00000000d6e00000, 0x0000000100000000, 0x0000000100000000)
  eden space 516096K, 100% used [0x00000000d6e00000,0x00000000f6600000,0x00000000f6600000)
  from space 54784K, 99% used [0x00000000f6600000,0x00000000f9b7e8e8,0x00000000f9b80000)
  to   space 63488K, 0% used [0x00000000fc200000,0x00000000fc200000,0x0000000100000000)
 ParOldGen       total 297984K, used 167294K [0x0000000084a00000, 0x0000000096d00000, 0x00000000d6e00000)
  object space 297984K, 56% used [0x0000000084a00000,0x000000008ed5f8c0,0x0000000096d00000)
 Metaspace       used 44953K, capacity 45304K, committed 45696K, reserved 1089536K
  class space    used 6297K, capacity 6411K, committed 6528K, reserved 1048576K
Event: 45.756 GC heap after
Heap after GC invocations=26 (full 4):
 PSYoungGen      total 576512K, used 63456K [0x00000000d6e00000, 0x0000000100000000, 0x0000000100000000)
  eden space 513024K, 0% used [0x00000000d6e00000,0x00000000d6e00000,0x00000000f6300000)
  from space 63488K, 99% used [0x00000000fc200000,0x00000000ffff81d8,0x0000000100000000)
  to   space 80384K, 0% used [0x00000000f6300000,0x00000000f6300000,0x00000000fb180000)
 ParOldGen       total 297984K, used 185600K [0x0000000084a00000, 0x0000000096d00000, 0x00000000d6e00000)
  object space 297984K, 62% used [0x0000000084a00000,0x000000008ff400e0,0x0000000096d00000)
 Metaspace       used 44953K, capacity 45304K, committed 45696K, reserved 1089536K
  class space    used 6297K, capacity 6411K, committed 6528K, reserved 1048576K
}
Event: 48.589 GC heap before
{Heap before GC invocations=27 (full 4):
 PSYoungGen      total 576512K, used 576480K [0x00000000d6e00000, 0x0000000100000000, 0x0000000100000000)
  eden space 513024K, 100% used [0x00000000d6e00000,0x00000000f6300000,0x00000000f6300000)
  from space 63488K, 99% used [0x00000000fc200000,0x00000000ffff81d8,0x0000000100000000)
  to   space 80384K, 0% used [0x00000000f6300000,0x00000000f6300000,0x00000000fb180000)
 ParOldGen       total 297984K, used 185600K [0x0000000084a00000, 0x0000000096d00000, 0x00000000d6e00000)
  object space 297984K, 62% used [0x0000000084a00000,0x000000008ff400e0,0x0000000096d00000)
 Metaspace       used 45037K, capacity 45444K, committed 45696K, reserved 1089536K
  class space    used 6298K, capacity 6413K, committed 6528K, reserved 1048576K
Event: 48.636 GC heap after
Heap after GC invocations=27 (full 4):
 PSYoungGen      total 593408K, used 43682K [0x00000000d6e00000, 0x0000000100000000, 0x0000000100000000)
  eden space 513024K, 0% used [0x00000000d6e00000,0x00000000d6e00000,0x00000000f6300000)
  from space 80384K, 54% used [0x00000000f6300000,0x00000000f8da8948,0x00000000fb180000)
  to   space 79360K, 0% used [0x00000000fb280000,0x00000000fb280000,0x0000000100000000)
 ParOldGen       total 297984K, used 237760K [0x0000000084a00000, 0x0000000096d00000, 0x00000000d6e00000)
  object space 297984K, 79% used [0x0000000084a00000,0x00000000932300e0,0x0000000096d00000)
 Metaspace       used 45037K, capacity 45444K, committed 45696K, reserved 1089536K
  class space    used 6298K, capacity 6413K, committed 6528K, reserved 1048576K
}
Event: 51.493 GC heap before
{Heap before GC invocations=28 (full 4):
 PSYoungGen      total 593408K, used 556706K [0x00000000d6e00000, 0x0000000100000000, 0x0000000100000000)
  eden space 513024K, 100% used [0x00000000d6e00000,0x00000000f6300000,0x00000000f6300000)
  from space 80384K, 54% used [0x00000000f6300000,0x00000000f8da8948,0x00000000fb180000)
  to   space 79360K, 0% used [0x00000000fb280000,0x00000000fb280000,0x0000000100000000)
 ParOldGen       total 297984K, used 237760K [0x0000000084a00000, 0x0000000096d00000, 0x00000000d6e00000)
  object space 297984K, 79% used [0x0000000084a00000,0x00000000932300e0,0x0000000096d00000)
 Metaspace       used 45046K, capacity 45444K, committed 45696K, reserved 1089536K
  class space    used 6298K, capacity 6413K, committed 6528K, reserved 1048576K
Event: 51.539 GC heap after
Heap after GC invocations=28 (full 4):
 PSYoungGen      total 588288K, used 54340K [0x00000000d6e00000, 0x0000000100000000, 0x0000000100000000)
  eden space 508928K, 0% used [0x00000000d6e00000,0x00000000d6e00000,0x00000000f5f00000)
  from space 79360K, 68% used [0x00000000fb280000,0x00000000fe7913d8,0x0000000100000000)
  to   space 82432K, 0% used [0x00000000f5f00000,0x00000000f5f00000,0x00000000faf80000)
 ParOldGen       total 297984K, used 251000K [0x0000000084a00000, 0x0000000096d00000, 0x00000000d6e00000)
  object space 297984K, 84% used [0x0000000084a00000,0x0000000093f1e0e0,0x0000000096d00000)
 Metaspace       used 45046K, capacity 45444K, committed 45696K, reserved 1089536K
  class space    used 6298K, capacity 6413K, committed 6528K, reserved 1048576K
}

Deoptimization events (10 events):
Event: 14.134 Thread 0x000000001ca8a000 Uncommon trap: reason=null_check action=make_not_entrant pc=0x00000000039b52c8 method=java.nio.charset.CoderResult$Cache.get(I)Ljava/nio/charset/CoderResult; @ 69
Event: 14.134 Thread 0x000000001ca8a000 Uncommon trap: reason=null_check action=make_not_entrant pc=0x000000000374f1f8 method=java.nio.charset.CoderResult$Cache.get(I)Ljava/nio/charset/CoderResult; @ 69
Event: 14.338 Thread 0x000000001ca8c000 Uncommon trap: reason=unstable_if action=reinterpret pc=0x0000000003a74f64 method=ImageUtils$.matToString(Lorg/bytedeco/javacpp/opencv_core$Mat;)Lscala/collection/immutable/List; @ 195
Event: 14.468 Thread 0x000000001ca8c000 Uncommon trap: reason=predicate action=maybe_recompile pc=0x0000000003a8883c method=java.util.LinkedList.toArray([Ljava/lang/Object;)[Ljava/lang/Object; @ 45
Event: 14.636 Thread 0x000000001ca8c000 Uncommon trap: reason=array_check action=maybe_recompile pc=0x0000000003a9c28c method=java.util.LinkedList.toArray([Ljava/lang/Object;)[Ljava/lang/Object; @ 55
Event: 14.636 Thread 0x000000001ca8c000 Uncommon trap: reason=array_check action=maybe_recompile pc=0x0000000003a9c28c method=java.util.LinkedList.toArray([Ljava/lang/Object;)[Ljava/lang/Object; @ 55
Event: 14.636 Thread 0x000000001ca8c000 Uncommon trap: reason=array_check action=maybe_recompile pc=0x0000000003a9c28c method=java.util.LinkedList.toArray([Ljava/lang/Object;)[Ljava/lang/Object; @ 55
Event: 14.636 Thread 0x000000001ca8c000 Uncommon trap: reason=array_check action=maybe_recompile pc=0x0000000003a9c28c method=java.util.LinkedList.toArray([Ljava/lang/Object;)[Ljava/lang/Object; @ 55
Event: 24.277 Thread 0x000000001c19f000 Uncommon trap: reason=unstable_if action=reinterpret pc=0x0000000003b98cf8 method=scala.concurrent.forkjoin.ForkJoinPool.scan(Lscala/concurrent/forkjoin/ForkJoinPool$WorkQueue;)Lscala/concurrent/forkjoin/ForkJoinTask; @ 204
Event: 25.087 Thread 0x000000001ca8c000 Uncommon trap: reason=unstable_if action=reinterpret pc=0x0000000003a8dd64 method=sun.nio.cs.UTF_8$Decoder.decodeArrayLoop(Ljava/nio/ByteBuffer;Ljava/nio/CharBuffer;)Ljava/nio/charset/CoderResult; @ 447

Internal exceptions (10 events):
Event: 8.793 Thread 0x000000001ae6a000 Exception <a 'java/lang/NoSuchMethodError': <clinit>> (0x00000000db7555a8) thrown at [C:\re\workspace\8-2-build-windows-amd64-cygwin\jdk8u91\7017\hotspot\src\share\vm\prims\jni.cpp, line 1613]
Event: 8.795 Thread 0x000000001ae6a000 Exception <a 'java/lang/NoSuchMethodError': <clinit>> (0x00000000db75cd18) thrown at [C:\re\workspace\8-2-build-windows-amd64-cygwin\jdk8u91\7017\hotspot\src\share\vm\prims\jni.cpp, line 1613]
Event: 8.885 Thread 0x000000001ca8a000 Implicit null exception at 0x000000000393dc2d to 0x000000000394038d
Event: 8.885 Thread 0x000000001ca8c000 Implicit null exception at 0x000000000393dc2d to 0x000000000394038d
Event: 14.134 Thread 0x000000001ca8a000 Implicit null exception at 0x00000000039b0446 to 0x00000000039b5299
Event: 14.134 Thread 0x000000001ca8a000 Implicit null exception at 0x000000000374edc0 to 0x000000000374f1e9
Event: 16.993 Thread 0x000000001c3de800 Exception <a 'java/lang/NoSuchMethodError': <clinit>> (0x00000000dcffb8d8) thrown at [C:\re\workspace\8-2-build-windows-amd64-cygwin\jdk8u91\7017\hotspot\src\share\vm\prims\jni.cpp, line 1613]
Event: 16.995 Thread 0x000000001c3de800 Exception <a 'java/lang/NoSuchMethodError': <clinit>> (0x00000000dd019e88) thrown at [C:\re\workspace\8-2-build-windows-amd64-cygwin\jdk8u91\7017\hotspot\src\share\vm\prims\jni.cpp, line 1613]
Event: 16.996 Thread 0x000000001c3de800 Exception <a 'java/lang/NoSuchMethodError': <clinit>> (0x00000000dd02aa58) thrown at [C:\re\workspace\8-2-build-windows-amd64-cygwin\jdk8u91\7017\hotspot\src\share\vm\prims\jni.cpp, line 1613]
Event: 16.999 Thread 0x000000001c3de800 Exception <a 'java/lang/NoSuchMethodError': <clinit>> (0x00000000dd27b978) thrown at [C:\re\workspace\8-2-build-windows-amd64-cygwin\jdk8u91\7017\hotspot\src\share\vm\prims\jni.cpp, line 1613]

Events (10 events):
Event: 46.450 Thread 0x0000000017abe000 flushing nmethod 0x0000000003a725d0
Event: 46.450 Thread 0x0000000017abe000 flushing nmethod 0x0000000003a7ced0
Event: 46.450 Thread 0x0000000017abe000 flushing nmethod 0x0000000003a885d0
Event: 46.450 Thread 0x0000000017abe000 flushing nmethod 0x0000000003a9bfd0
Event: 46.450 Thread 0x0000000017abe000 flushing nmethod 0x0000000003ae0910
Event: 46.450 Thread 0x0000000017abe000 flushing nmethod 0x0000000003b19310
Event: 48.589 Executing VM operation: ParallelGCFailedAllocation
Event: 48.636 Executing VM operation: ParallelGCFailedAllocation done
Event: 51.493 Executing VM operation: ParallelGCFailedAllocation
Event: 51.539 Executing VM operation: ParallelGCFailedAllocation done


Dynamic libraries:
0x00007ff7f2f80000 - 0x00007ff7f2fb7000 	C:\Program Files\Java\jdk1.8.0_91\bin\java.exe
0x00007ffb133f0000 - 0x00007ffb135c1000 	C:\WINDOWS\SYSTEM32\ntdll.dll
0x00007ffb11e70000 - 0x00007ffb11f1b000 	C:\WINDOWS\System32\KERNEL32.DLL
0x00007ffb0fb00000 - 0x00007ffb0fd1d000 	C:\WINDOWS\System32\KERNELBASE.dll
0x00007ffb12730000 - 0x00007ffb127d2000 	C:\WINDOWS\System32\ADVAPI32.dll
0x00007ffb13000000 - 0x00007ffb1309e000 	C:\WINDOWS\System32\msvcrt.dll
0x00007ffb12fa0000 - 0x00007ffb12ff9000 	C:\WINDOWS\System32\sechost.dll
0x00007ffb12b50000 - 0x00007ffb12c71000 	C:\WINDOWS\System32\RPCRT4.dll
0x00007ffb13280000 - 0x00007ffb133e5000 	C:\WINDOWS\System32\USER32.dll
0x00007ffb0fed0000 - 0x00007ffb0feee000 	C:\WINDOWS\System32\win32u.dll
0x00007ffb12cb0000 - 0x00007ffb12ce4000 	C:\WINDOWS\System32\GDI32.dll
0x00007ffb0fef0000 - 0x00007ffb10072000 	C:\WINDOWS\System32\gdi32full.dll
0x00007ffb032a0000 - 0x00007ffb03519000 	C:\WINDOWS\WinSxS\amd64_microsoft.windows.common-controls_6595b64144ccf1df_6.0.14393.447_none_42191651c6827bb3\COMCTL32.dll
0x00007ffb12880000 - 0x00007ffb12b48000 	C:\WINDOWS\System32\combase.dll
0x00007ffb0fdd0000 - 0x00007ffb0fec5000 	C:\WINDOWS\System32\ucrtbase.dll
0x00007ffb0f8c0000 - 0x00007ffb0f92a000 	C:\WINDOWS\System32\bcryptPrimitives.dll
0x00007ffb12840000 - 0x00007ffb1286e000 	C:\WINDOWS\System32\IMM32.DLL
0x0000000065ef0000 - 0x0000000065fc2000 	C:\Program Files\Java\jdk1.8.0_91\jre\bin\msvcr100.dll
0x00000000664b0000 - 0x0000000066d43000 	C:\Program Files\Java\jdk1.8.0_91\jre\bin\server\jvm.dll
0x00007ffb12870000 - 0x00007ffb12878000 	C:\WINDOWS\System32\PSAPI.DLL
0x00007ffaffe70000 - 0x00007ffaffe79000 	C:\WINDOWS\SYSTEM32\WSOCK32.dll
0x00007ffb12650000 - 0x00007ffb126ba000 	C:\WINDOWS\System32\WS2_32.dll
0x00007ffb0dba0000 - 0x00007ffb0dbc3000 	C:\WINDOWS\SYSTEM32\WINMM.dll
0x00007ffb009e0000 - 0x00007ffb009ea000 	C:\WINDOWS\SYSTEM32\VERSION.dll
0x00007ffb0db40000 - 0x00007ffb0db6b000 	C:\WINDOWS\SYSTEM32\WINMMBASE.dll
0x00007ffb10860000 - 0x00007ffb108a2000 	C:\WINDOWS\System32\cfgmgr32.dll
0x00000000663c0000 - 0x00000000663cf000 	C:\Program Files\Java\jdk1.8.0_91\jre\bin\verify.dll
0x0000000066390000 - 0x00000000663b9000 	C:\Program Files\Java\jdk1.8.0_91\jre\bin\java.dll
0x0000000066370000 - 0x0000000066386000 	C:\Program Files\Java\jdk1.8.0_91\jre\bin\zip.dll
0x00007ffb10960000 - 0x00007ffb11e69000 	C:\WINDOWS\System32\SHELL32.dll
0x00007ffb10080000 - 0x00007ffb1075a000 	C:\WINDOWS\System32\windows.storage.dll
0x00007ffb0f860000 - 0x00007ffb0f8ac000 	C:\WINDOWS\System32\powrprof.dll
0x00007ffb11f80000 - 0x00007ffb11fd2000 	C:\WINDOWS\System32\shlwapi.dll
0x00007ffb0f8b0000 - 0x00007ffb0f8bf000 	C:\WINDOWS\System32\kernel.appcore.dll
0x00007ffb0fd20000 - 0x00007ffb0fdc9000 	C:\WINDOWS\System32\shcore.dll
0x00007ffb0f840000 - 0x00007ffb0f854000 	C:\WINDOWS\System32\profapi.dll
0x00007ffb0a700000 - 0x00007ffb0a710000 	C:\Program Files (x86)\JetBrains\IntelliJ IDEA Community Edition 2016.3.3\bin\breakgen64.dll
0x0000000066160000 - 0x000000006617a000 	C:\Program Files\Java\jdk1.8.0_91\jre\bin\net.dll
0x00007ffb0f160000 - 0x00007ffb0f1bc000 	C:\WINDOWS\system32\mswsock.dll
0x00007ffb0f300000 - 0x00007ffb0f317000 	C:\WINDOWS\SYSTEM32\CRYPTSP.dll
0x00007ffb0ed70000 - 0x00007ffb0eda3000 	C:\WINDOWS\system32\rsaenh.dll
0x00007ffb0f410000 - 0x00007ffb0f43b000 	C:\WINDOWS\SYSTEM32\bcrypt.dll
0x00007ffb0efe0000 - 0x00007ffb0efff000 	C:\WINDOWS\SYSTEM32\USERENV.dll
0x00007ffb0f320000 - 0x00007ffb0f32b000 	C:\WINDOWS\SYSTEM32\CRYPTBASE.dll
0x00007ffb0eef0000 - 0x00007ffb0ef28000 	C:\WINDOWS\SYSTEM32\IPHLPAPI.DLL
0x00007ffb12c80000 - 0x00007ffb12c88000 	C:\WINDOWS\System32\NSI.dll
0x00007ffb07580000 - 0x00007ffb07596000 	C:\WINDOWS\SYSTEM32\dhcpcsvc6.DLL
0x00007ffb07560000 - 0x00007ffb0757a000 	C:\WINDOWS\SYSTEM32\dhcpcsvc.DLL
0x0000000066140000 - 0x0000000066151000 	C:\Program Files\Java\jdk1.8.0_91\jre\bin\nio.dll
0x0000000066130000 - 0x000000006613d000 	C:\Program Files\Java\jdk1.8.0_91\jre\bin\management.dll
0x0000000066020000 - 0x0000000066029000 	C:\Program Files\Java\jdk1.8.0_91\jre\bin\w2k_lsa_auth.dll
0x00007ffb0c390000 - 0x00007ffb0c39c000 	C:\WINDOWS\SYSTEM32\Secur32.dll
0x00007ffb0f530000 - 0x00007ffb0f55c000 	C:\WINDOWS\SYSTEM32\SSPICLI.DLL
0x0000000066010000 - 0x0000000066019000 	C:\Program Files\Java\jdk1.8.0_91\jre\bin\jaas_nt.dll
0x00007ffaf8160000 - 0x00007ffaf8176000 	C:\WINDOWS\system32\napinsp.dll
0x00007ffaf8180000 - 0x00007ffaf819a000 	C:\WINDOWS\system32\pnrpnsp.dll
0x00007ffb0d650000 - 0x00007ffb0d668000 	C:\WINDOWS\system32\NLAapi.dll
0x00007ffb0ef30000 - 0x00007ffb0efd0000 	C:\WINDOWS\SYSTEM32\DNSAPI.dll
0x00007ffaf81a0000 - 0x00007ffaf81ae000 	C:\WINDOWS\System32\winrnr.dll
0x00007ffaf81b0000 - 0x00007ffaf81c5000 	C:\WINDOWS\System32\wshbth.dll
0x00007ffb064c0000 - 0x00007ffb064ca000 	C:\Windows\System32\rasadhlp.dll
0x00007ffb06da0000 - 0x00007ffb06e0a000 	C:\WINDOWS\System32\fwpuclnt.dll
0x0000000066060000 - 0x0000000066084000 	C:\Program Files\Java\jdk1.8.0_91\jre\bin\sunec.dll
0x00007ffb07620000 - 0x00007ffb0762b000 	C:\WINDOWS\SYSTEM32\WINNSI.DLL
0x0000000070280000 - 0x00000000702a9000 	C:\Users\Kiran\AppData\Local\Temp\snappy-1.1.2-be12d2d7-6bbf-4497-9eac-18ef55e92148-snappyjava.dll
0x0000000065e10000 - 0x0000000065ee1000 	C:\Users\Kiran\AppData\Local\Temp\javacpp515724349292\msvcr100.dll
0x0000000065d70000 - 0x0000000065e08000 	C:\Users\Kiran\AppData\Local\Temp\javacpp515724349292\msvcp100.dll
0x00007ffad4660000 - 0x00007ffad48e0000 	C:\Users\Kiran\AppData\Local\Temp\javacpp515724349292\opencv_core2411.dll
0x00007ffb02630000 - 0x00007ffb02822000 	C:\Users\Kiran\AppData\Local\Temp\javacpp515724349292\jniopencv_core.dll
0x00007ffad4390000 - 0x00007ffad4651000 	C:\Users\Kiran\AppData\Local\Temp\javacpp515724349292\opencv_imgproc2411.dll
0x00007ffb02970000 - 0x00007ffb02a18000 	C:\Users\Kiran\AppData\Local\Temp\javacpp515724349292\jniopencv_imgproc.dll
0x0000000024790000 - 0x0000000025604000 	C:\Users\Kiran\AppData\Local\Temp\javacpp515724349292\opencv_ffmpeg2411_64.dll
0x00007ffad4140000 - 0x00007ffad438e000 	C:\Users\Kiran\AppData\Local\Temp\javacpp515724349292\opencv_highgui2411.dll
0x00007ffb13140000 - 0x00007ffb13277000 	C:\WINDOWS\System32\ole32.dll
0x00007ffb12590000 - 0x00007ffb1264f000 	C:\WINDOWS\System32\OLEAUT32.dll
0x00007ffb107c0000 - 0x00007ffb1085c000 	C:\WINDOWS\System32\msvcp_win.dll
0x00007ffb057e0000 - 0x00007ffb05800000 	C:\WINDOWS\SYSTEM32\AVIFIL32.dll
0x00007ffb03ae0000 - 0x00007ffb03b09000 	C:\WINDOWS\SYSTEM32\MSVFW32.dll
0x00007ffb056c0000 - 0x00007ffb056d8000 	C:\WINDOWS\SYSTEM32\AVICAP32.dll
0x00007ffb03130000 - 0x00007ffb0314c000 	C:\WINDOWS\SYSTEM32\MSACM32.dll
0x00007ffb02910000 - 0x00007ffb02961000 	C:\Users\Kiran\AppData\Local\Temp\javacpp515724349292\jniopencv_highgui.dll
0x00007ffb024c0000 - 0x00007ffb02558000 	C:\Users\Kiran\AppData\Local\Temp\javacpp515724349292\opencv_flann2411.dll
0x00007ffb024a0000 - 0x00007ffb024bc000 	C:\Users\Kiran\AppData\Local\Temp\javacpp515724349292\jniopencv_flann.dll
0x00007ffad4dd0000 - 0x00007ffad4eaa000 	C:\Users\Kiran\AppData\Local\Temp\javacpp515724349292\opencv_features2d2411.dll
0x00007ffb01a00000 - 0x00007ffb01a65000 	C:\Users\Kiran\AppData\Local\Temp\javacpp515724349292\jniopencv_features2d.dll
0x00007ffad4000000 - 0x00007ffad4135000 	C:\Users\Kiran\AppData\Local\Temp\javacpp515724349292\opencv_calib3d2411.dll
0x00007ffb019b0000 - 0x00007ffb019fb000 	C:\Users\Kiran\AppData\Local\Temp\javacpp515724349292\jniopencv_calib3d.dll
0x00007ffad3f30000 - 0x00007ffad3ffb000 	C:\Users\Kiran\AppData\Local\Temp\javacpp515724349292\opencv_objdetect2411.dll
0x00007ffb017f0000 - 0x00007ffb0185d000 	C:\Users\Kiran\AppData\Local\Temp\javacpp515724349292\jniopencv_objdetect.dll
0x00007ffaf8120000 - 0x00007ffaf815f000 	C:\Users\Kiran\AppData\Local\Temp\javacpp515724349292\opencv_photo2411.dll
0x00007ffb0a6f0000 - 0x00007ffb0a6fd000 	C:\Users\Kiran\AppData\Local\Temp\javacpp515724349292\jniopencv_photo.dll
0x00007ffaf7930000 - 0x00007ffaf79c6000 	C:\Users\Kiran\AppData\Local\Temp\javacpp515724349292\opencv_ml2411.dll
0x00007ffae4e70000 - 0x00007ffae4f0e000 	C:\Users\Kiran\AppData\Local\Temp\javacpp515724349292\jniopencv_ml.dll
0x00007ffaf7370000 - 0x00007ffaf73e3000 	C:\Users\Kiran\AppData\Local\Temp\javacpp515724349292\opencv_video2411.dll
0x00007ffb01e50000 - 0x00007ffb01e78000 	C:\Users\Kiran\AppData\Local\Temp\javacpp515724349292\jniopencv_video.dll
0x00007ffad3dc0000 - 0x00007ffad3f30000 	C:\Users\Kiran\AppData\Local\Temp\javacpp515724349292\opencv_legacy2411.dll
0x00007ffad3c40000 - 0x00007ffad3dba000 	C:\Users\Kiran\AppData\Local\Temp\javacpp515724349292\jniopencv_legacy.dll
0x00007ffaea560000 - 0x00007ffaea5dd000 	C:\Users\Kiran\AppData\Local\Temp\javacpp515724349292\opencv_gpu2411.dll
0x00007ffad3940000 - 0x00007ffad3c35000 	C:\Users\Kiran\AppData\Local\Temp\javacpp515724349292\opencv_ocl2411.dll
0x00007ffae4450000 - 0x00007ffae44f6000 	C:\Users\Kiran\AppData\Local\Temp\javacpp515724349292\opencv_nonfree2411.dll
0x00007ffaf8100000 - 0x00007ffaf8111000 	C:\Users\Kiran\AppData\Local\Temp\javacpp515724349292\jniopencv_nonfree.dll
0x00007ffafc730000 - 0x00007ffafc8c2000 	C:\WINDOWS\SYSTEM32\dbghelp.dll

VM Arguments:
jvm_args: -Didea.launcher.port=7533 -Didea.launcher.bin.path=C:\Program Files (x86)\JetBrains\IntelliJ IDEA Community Edition 2016.3.3\bin -Dfile.encoding=UTF-8 
java_command: com.intellij.rt.execution.application.AppMain IPApp
java_class_path (initial): C:\Program Files\Java\jdk1.8.0_91\jre\lib\charsets.jar;C:\Program Files\Java\jdk1.8.0_91\jre\lib\deploy.jar;C:\Program Files\Java\jdk1.8.0_91\jre\lib\ext\access-bridge-64.jar;C:\Program Files\Java\jdk1.8.0_91\jre\lib\ext\cldrdata.jar;C:\Program Files\Java\jdk1.8.0_91\jre\lib\ext\dnsns.jar;C:\Program Files\Java\jdk1.8.0_91\jre\lib\ext\jaccess.jar;C:\Program Files\Java\jdk1.8.0_91\jre\lib\ext\jfxrt.jar;C:\Program Files\Java\jdk1.8.0_91\jre\lib\ext\localedata.jar;C:\Program Files\Java\jdk1.8.0_91\jre\lib\ext\nashorn.jar;C:\Program Files\Java\jdk1.8.0_91\jre\lib\ext\sunec.jar;C:\Program Files\Java\jdk1.8.0_91\jre\lib\ext\sunjce_provider.jar;C:\Program Files\Java\jdk1.8.0_91\jre\lib\ext\sunmscapi.jar;C:\Program Files\Java\jdk1.8.0_91\jre\lib\ext\sunpkcs11.jar;C:\Program Files\Java\jdk1.8.0_91\jre\lib\ext\zipfs.jar;C:\Program Files\Java\jdk1.8.0_91\jre\lib\javaws.jar;C:\Program Files\Java\jdk1.8.0_91\jre\lib\jce.jar;C:\Program Files\Java\jdk1.8.0_91\jre\lib\jfr.jar;C:\Program Files\Java\jdk1.8.0_91\jre\lib\jfxswt.jar;C:\Program Files\Java\jdk1.8.0_91\jre\lib\jsse.jar;C:\Program Files\Java\jdk1.8.0_91\jre\lib\management-agent.jar;C:\Program Files\Java\jdk1.8.0_91\jre\lib\plugin.jar;C:\Program Files\Java\jdk1.8.0_91\jre\lib\resources.jar;C:\Program Files\Java\jdk1.8.0_91\jre\lib\rt.jar;C:\Spring 2017\Big data\Lab 4\CS5542-Tutorial4-SourceCode\image_classification\target\scala-2.11\classes;C:\Users\Kiran\.ivy2\cache\org.scala-lang\scala-library\jars\scala-library-2.11.8.jar;C:\Users\Kiran\.ivy2\cache\aopalliance\aopalliance\jars\aopalliance-1.0.jar;C:\Users\Kiran\.ivy2\cache\com.clearspring.analytics\stream\jars\stream-2.7.0.jar;C:\Users\Kiran\.ivy2\cache\com.esotericsoftware.kryo\kryo\bundles\kryo-2.21.jar;C:\Users\Kiran\.ivy2\cache\com.esotericsoftware.minlog\minlog\jars\minlog-1.2.jar;C:\Users\Kiran\.ivy2\cache\com.esotericsoftware.reflectasm\reflectasm\jars\reflectasm-1.07-shaded.jar;C:\Users\Kiran\.ivy2\cache\com.fasterxml.jackson.core\jacks
Launcher Type: SUN_STANDARD

Environment Variables:
JAVA_HOME=C:\Program Files\Java\jdk1.8.0_91
JRE_HOME=C:\Program Files\Java\jre1.8.0_91
USERNAME=Kiran
OS=Windows_NT
PROCESSOR_IDENTIFIER=Intel64 Family 6 Model 69 Stepping 1, GenuineIntel



---------------  S Y S T E M  ---------------

OS: Windows 10.0 , 64 bit Build 14393 (10.0.14393.0)

CPU:total 4 (2 cores per cpu, 2 threads per core) family 6 model 69 stepping 1, cmov, cx8, fxsr, mmx, sse, sse2, sse3, ssse3, sse4.1, sse4.2, popcnt, avx, avx2, aes, clmul, erms, lzcnt, ht, tsc, tscinvbit, bmi1, bmi2

Memory: 4k page, physical 8079644k(2193648k free), swap 16206108k(9489880k free)

vm_info: Java HotSpot(TM) 64-Bit Server VM (25.91-b15) for windows-amd64 JRE (1.8.0_91-b15), built on May 20 2016 17:43:15 by "java_re" with MS VC++ 10.0 (VS2010)

time: Thu Feb 16 14:30:07 2017
elapsed time: 51 seconds (0d 0h 0m 51s)

